<?xml version="1.0" encoding="UTF-8"?>
<testng-results ignored="0" total="1" passed="1" failed="0" skipped="0">
  <reporter-output>
  </reporter-output>
  <suite started-at="2021-04-24T13:19:07Z" name="Default suite" finished-at="2021-04-24T13:19:11Z" duration-ms="3538">
    <groups>
    </groups>
    <test started-at="2021-04-24T13:19:07Z" name="Default test" finished-at="2021-04-24T13:19:11Z" duration-ms="3538">
      <class name="TestNG.NewTest">
        <test-method signature="Test()[pri:0, instance:TestNG.NewTest@53fdffa1]" started-at="2021-04-24T08:19:07Z" name="Test" finished-at="2021-04-24T08:19:11Z" duration-ms="3516" status="PASS">
          <reporter-output>
          </reporter-output>
        </test-method> <!-- Test -->
      </class> <!-- TestNG.NewTest -->
    </test> <!-- Default test -->
  </suite> <!-- Default suite -->
</testng-results>
